<?xml version="1.0" encoding="UTF-8"?>
<testng-results ignored="0" total="1" passed="1" failed="0" skipped="0">
  <reporter-output>
  </reporter-output>
  <suite started-at="2025-07-10T15:51:51 IST" name="Default suite" finished-at="2025-07-10T15:53:13 IST" duration-ms="81952">
    <groups>
    </groups>
    <test started-at="2025-07-10T15:51:51 IST" name="Default test" finished-at="2025-07-10T15:53:13 IST" duration-ms="81952">
      <class name="ex_selenium_13Jul2024_Xpath_Ex.Lab242_VWOLogin2_Trail_Xpath_Eg">
        <test-method signature="testVerifyFreeTrail()[pri:0, instance:ex_selenium_13Jul2024_Xpath_Ex.Lab242_VWOLogin2_Trail_Xpath_Eg@2d29b4ee]" started-at="2025-07-10T15:51:51 IST" name="testVerifyFreeTrail" finished-at="2025-07-10T15:53:12 IST" duration-ms="81061" status="PASS">
          <reporter-output>
          </reporter-output>
        </test-method> <!-- testVerifyFreeTrail -->
      </class> <!-- ex_selenium_13Jul2024_Xpath_Ex.Lab242_VWOLogin2_Trail_Xpath_Eg -->
    </test> <!-- Default test -->
  </suite> <!-- Default suite -->
</testng-results>
