<?xml version="1.0" encoding="UTF-8"?>
<testng-results ignored="0" total="1" passed="1" failed="0" skipped="0">
  <reporter-output>
  </reporter-output>
  <suite started-at="2025-05-11T00:58:25 IST" name="Default suite" finished-at="2025-05-11T00:58:50 IST" duration-ms="25071">
    <groups>
      <group name="QA">
        <method signature="Lab256_SpiceJet_Example.testPositive()[pri:0, instance:ex_Selenium_SVG_Part1.Lab256_SpiceJet_Example@78fa769e]" name="testPositive" class="ex_Selenium_SVG_Part1.Lab256_SpiceJet_Example"/>
      </group> <!-- QA -->
    </groups>
    <test started-at="2025-05-11T00:58:25 IST" name="Default test" finished-at="2025-05-11T00:58:50 IST" duration-ms="25071">
      <class name="ex_Selenium_SVG_Part1.Lab256_SpiceJet_Example">
        <test-method is-config="true" signature="openBrowser()[pri:0, instance:ex_Selenium_SVG_Part1.Lab256_SpiceJet_Example@78fa769e]" started-at="2025-05-11T00:58:25 IST" name="openBrowser" finished-at="2025-05-11T00:58:31 IST" duration-ms="6379" status="PASS">
          <reporter-output>
          </reporter-output>
        </test-method> <!-- openBrowser -->
        <test-method signature="testPositive()[pri:0, instance:ex_Selenium_SVG_Part1.Lab256_SpiceJet_Example@78fa769e]" started-at="2025-05-11T00:58:31 IST" name="testPositive" finished-at="2025-05-11T00:58:46 IST" duration-ms="14695" status="PASS">
          <reporter-output>
          </reporter-output>
        </test-method> <!-- testPositive -->
        <test-method is-config="true" signature="closeBrowser()[pri:0, instance:ex_Selenium_SVG_Part1.Lab256_SpiceJet_Example@78fa769e]" started-at="2025-05-11T00:58:46 IST" name="closeBrowser" finished-at="2025-05-11T00:58:50 IST" duration-ms="3656" status="PASS">
          <reporter-output>
          </reporter-output>
        </test-method> <!-- closeBrowser -->
      </class> <!-- ex_Selenium_SVG_Part1.Lab256_SpiceJet_Example -->
    </test> <!-- Default test -->
  </suite> <!-- Default suite -->
</testng-results>
